passed: False

pytest output:
 ============================= test session starts ==============================
platform darwin -- Python 3.11.4, pytest-8.3.3, pluggy-1.5.0 -- /Library/Frameworks/Python.framework/Versions/3.11/bin/python3
cachedir: .pytest_cache
rootdir: /Users/dude/projects/python/algo-training
plugins: anyio-4.11.0, langsmith-0.4.4
collecting ... collected 1 item

warmup.py::test_factorial FAILED                                         [100%]

=================================== FAILURES ===================================
________________________________ test_factorial ________________________________
warmup.py:19: in test_factorial
    assert factorial(5) == 120
E   assert 1 == 120
E    +  where 1 = factorial(5)
=========================== short test summary info ============================
FAILED warmup.py::test_factorial - assert 1 == 120
============================== 1 failed in 0.03s ===============================
/Library/Frameworks/Python.framework/Versions/3.11/lib/python3.11/site-packages/requests/__init__.py:109: RequestsDependencyWarning: urllib3 (2.5.0) or chardet (None)/charset_normalizer (2.1.1) doesn't match a supported version!
  warnings.warn(


##################################################
your code:
##################################################
# Rep 1/1 - Recursion


def factorial(n):
    """
    Calculate factorial using recursion.
    factorial(5) = 5 * 4 * 3 * 2 * 1 = 120
    """
    # your code here - must use recursion
    if n == 0 or n == 1:
        return 1
    else:
        return factorial(n-1)
    pass

def test_factorial():
    assert factorial(0) == 1
    assert factorial(1) == 1
    assert factorial(5) == 120
    assert factorial(3) == 6
