passed: True

pytest output:
 ============================= test session starts ==============================
platform darwin -- Python 3.11.4, pytest-8.3.3, pluggy-1.5.0 -- /Library/Frameworks/Python.framework/Versions/3.11/bin/python3
cachedir: .pytest_cache
rootdir: /Users/dude/projects/python/algo-training
plugins: langsmith-0.4.4, anyio-3.7.1
collecting ... collected 1 item

warmup.py::test_contains_duplicate PASSED                                [100%]

============================== 1 passed in 0.01s ===============================


##################################################
your code:
##################################################
# Rep 2/2 - Contains Duplicate


def contains_duplicate(nums):
    """
    Check if array contains any duplicate values.
    [1,2,3,1] -> True, [1,2,3,4] -> False
    """
    # your code here
    s = set()
    for num in nums:
        if num in s:
            return True
        else:
            s.add(num)

    return False
    pass

def test_contains_duplicate():
    assert contains_duplicate([1,2,3,1]) == True
    assert contains_duplicate([1,2,3,4]) == False
    assert contains_duplicate([1,1,1,3,3,4,3,2,4,2]) == True
    assert contains_duplicate([]) == False
    assert contains_duplicate([1]) == False
