passed: True

pytest output:
 ============================= test session starts ==============================
platform darwin -- Python 3.11.4, pytest-8.3.3, pluggy-1.5.0 -- /Library/Frameworks/Python.framework/Versions/3.11/bin/python3
cachedir: .pytest_cache
rootdir: /Users/dude/projects/python/algo-training
plugins: langsmith-0.4.4, anyio-3.7.1
collecting ... collected 1 item

warmup.py::test_binary_search PASSED                                     [100%]

============================== 1 passed in 0.01s ===============================


##################################################
your code:
##################################################
# Rep 4/4 - Binary Search


def binary_search(arr, target):
    """
    Find target in sorted array. Return index or -1 if not found.
    arr = [1,3,5,7,9], target = 5 -> return 2
    """
    # your code here
    l = 0
    r = len(arr) - 1

    while l <= r:
        mid = (l + r) // 2
        if arr[mid] == target:
            return mid
        elif arr[mid] < target:
            l = mid + 1
        else:
            r = mid - 1
    return -1
    pass


def test_binary_search():
    assert binary_search([1, 3, 5, 7, 9], 5) == 2
    assert binary_search([1, 3, 5, 7, 9], 1) == 0
    assert binary_search([1, 3, 5, 7, 9], 9) == 4
    assert binary_search([1, 3, 5, 7, 9], 4) == -1
    assert binary_search([], 1) == -1
