passed: True, 

 output: ============================= test session starts ==============================
platform darwin -- Python 3.11.4, pytest-8.3.3, pluggy-1.5.0 -- /Library/Frameworks/Python.framework/Versions/3.11/bin/python3
cachedir: .pytest_cache
rootdir: /Users/dude/projects/python/algo-training
plugins: langsmith-0.4.4, anyio-3.7.1
collecting ... collected 1 item

warmup.py::test_binary_search PASSED                                     [100%]

============================== 1 passed in 0.00s ===============================
